<?xml version="1.0" encoding="UTF-8"?>
<!-- Generated by org.testng.reporters.JUnitXMLReporter -->
<testsuite hostname="DESKTOP-4SC5RBR" ignored="0" name="Default test" tests="4" failures="0" timestamp="12 May 2018 20:30:22 GMT" time="14.873" errors="0">
  <testcase name="storeMultipleQuickLinksTitle" time="6.14" classname="priority1.VerifyMultipleQuickLinksTitle"/>
  <testcase name="storeMultipleQuickLinksTitle" time="2.107" classname="priority1.VerifyMultipleQuickLinksTitle"/>
  <testcase name="storeMultipleQuickLinksTitle" time="1.511" classname="priority1.VerifyMultipleQuickLinksTitle"/>
  <testcase name="verifyMultipleQuickLinksTitle" time="0.003" classname="priority1.VerifyMultipleQuickLinksTitle"/>
</testsuite> <!-- Default test -->
