<?xml version="1.0" encoding="UTF-8"?>
<testng-results skipped="0" failed="1" ignored="0" total="5" passed="4">
  <reporter-output>
  </reporter-output>
  <suite name="BSE Suite" duration-ms="29364" started-at="2018-05-12T22:43:55Z" finished-at="2018-05-12T22:44:24Z">
    <groups>
      <group name="Smoke">
        <method signature="LandingPageTitleVerification.landingPageTitleVerification()[pri:0, instance:priority1.LandingPageTitleVerification@1d8bd0de]" name="landingPageTitleVerification" class="priority1.LandingPageTitleVerification"/>
      </group> <!-- Smoke -->
    </groups>
    <test name="Regression Test" duration-ms="29364" started-at="2018-05-12T22:43:55Z" finished-at="2018-05-12T22:44:24Z">
      <class name="priority1.LandingPageTitleVerification">
        <test-method status="PASS" signature="initializeBrowser()[pri:0, instance:priority1.LandingPageTitleVerification@1d8bd0de]" name="initializeBrowser" is-config="true" duration-ms="11606" started-at="2018-05-13T04:13:55Z" finished-at="2018-05-13T04:14:06Z">
          <reporter-output>
          </reporter-output>
        </test-method> <!-- initializeBrowser -->
        <test-method status="FAIL" signature="landingPageTitleVerification()[pri:0, instance:priority1.LandingPageTitleVerification@1d8bd0de]" name="landingPageTitleVerification" duration-ms="79" started-at="2018-05-13T04:14:06Z" finished-at="2018-05-13T04:14:06Z">
          <exception class="java.lang.AssertionError">
            <message>
              <![CDATA[expected [true] but found [false]]]>
            </message>
            <full-stacktrace>
              <![CDATA[java.lang.AssertionError: expected [true] but found [false]
	at org.testng.Assert.fail(Assert.java:93)
	at org.testng.Assert.failNotEquals(Assert.java:512)
	at org.testng.Assert.assertTrue(Assert.java:41)
	at org.testng.Assert.assertTrue(Assert.java:51)
	at priority1.LandingPageTitleVerification.landingPageTitleVerification(LandingPageTitleVerification.java:31)
	at sun.reflect.NativeMethodAccessorImpl.invoke0(Native Method)
	at sun.reflect.NativeMethodAccessorImpl.invoke(NativeMethodAccessorImpl.java:62)
	at sun.reflect.DelegatingMethodAccessorImpl.invoke(DelegatingMethodAccessorImpl.java:43)
	at java.lang.reflect.Method.invoke(Method.java:498)
	at org.testng.internal.MethodInvocationHelper.invokeMethod(MethodInvocationHelper.java:108)
	at org.testng.internal.Invoker.invokeMethod(Invoker.java:661)
	at org.testng.internal.Invoker.invokeTestMethod(Invoker.java:869)
	at org.testng.internal.Invoker.invokeTestMethods(Invoker.java:1193)
	at org.testng.internal.TestMethodWorker.invokeTestMethods(TestMethodWorker.java:126)
	at org.testng.internal.TestMethodWorker.run(TestMethodWorker.java:109)
	at org.testng.TestRunner.privateRun(TestRunner.java:744)
	at org.testng.TestRunner.run(TestRunner.java:602)
	at org.testng.SuiteRunner.runTest(SuiteRunner.java:380)
	at org.testng.SuiteRunner.runSequentially(SuiteRunner.java:375)
	at org.testng.SuiteRunner.privateRun(SuiteRunner.java:340)
	at org.testng.SuiteRunner.run(SuiteRunner.java:289)
	at org.testng.SuiteRunnerWorker.runSuite(SuiteRunnerWorker.java:52)
	at org.testng.SuiteRunnerWorker.run(SuiteRunnerWorker.java:86)
	at org.testng.TestNG.runSuitesSequentially(TestNG.java:1301)
	at org.testng.TestNG.runSuitesLocally(TestNG.java:1226)
	at org.testng.TestNG.runSuites(TestNG.java:1144)
	at org.testng.TestNG.run(TestNG.java:1115)
	at org.testng.remote.AbstractRemoteTestNG.run(AbstractRemoteTestNG.java:132)
	at org.testng.remote.RemoteTestNG.initAndRun(RemoteTestNG.java:230)
	at org.testng.remote.RemoteTestNG.main(RemoteTestNG.java:76)
]]>
            </full-stacktrace>
          </exception> <!-- java.lang.AssertionError -->
          <reporter-output>
          </reporter-output>
        </test-method> <!-- landingPageTitleVerification -->
        <test-method status="PASS" signature="closeBrowser()[pri:0, instance:priority1.LandingPageTitleVerification@1d8bd0de]" name="closeBrowser" is-config="true" duration-ms="1123" started-at="2018-05-13T04:14:07Z" finished-at="2018-05-13T04:14:09Z">
          <reporter-output>
          </reporter-output>
        </test-method> <!-- closeBrowser -->
      </class> <!-- priority1.LandingPageTitleVerification -->
      <class name="priority1.VerifyMultipleQuickLinksTitle">
        <test-method status="PASS" signature="initializeBrowser()[pri:0, instance:priority1.VerifyMultipleQuickLinksTitle@45ca843]" name="initializeBrowser" is-config="true" duration-ms="4613" started-at="2018-05-13T04:14:09Z" finished-at="2018-05-13T04:14:13Z">
          <reporter-output>
          </reporter-output>
        </test-method> <!-- initializeBrowser -->
        <test-method status="PASS" signature="storeMultipleQuickLinksTitle(java.lang.String)[pri:0, instance:priority1.VerifyMultipleQuickLinksTitle@45ca843]" name="storeMultipleQuickLinksTitle" duration-ms="4924" started-at="2018-05-13T04:14:13Z" data-provider="GetData" finished-at="2018-05-13T04:14:18Z">
          <params>
            <param index="0">
              <value>
                <![CDATA[Get Quote]]>
              </value>
            </param>
          </params>
          <reporter-output>
          </reporter-output>
        </test-method> <!-- storeMultipleQuickLinksTitle -->
        <test-method status="PASS" signature="storeMultipleQuickLinksTitle(java.lang.String)[pri:0, instance:priority1.VerifyMultipleQuickLinksTitle@45ca843]" name="storeMultipleQuickLinksTitle" duration-ms="2043" started-at="2018-05-13T04:14:18Z" data-provider="GetData" finished-at="2018-05-13T04:14:20Z">
          <params>
            <param index="0">
              <value>
                <![CDATA[Media Releases]]>
              </value>
            </param>
          </params>
          <reporter-output>
          </reporter-output>
        </test-method> <!-- storeMultipleQuickLinksTitle -->
        <test-method status="PASS" signature="storeMultipleQuickLinksTitle(java.lang.String)[pri:0, instance:priority1.VerifyMultipleQuickLinksTitle@45ca843]" name="storeMultipleQuickLinksTitle" duration-ms="2793" started-at="2018-05-13T04:14:20Z" data-provider="GetData" finished-at="2018-05-13T04:14:23Z">
          <params>
            <param index="0">
              <value>
                <![CDATA[Trading Holidays]]>
              </value>
            </param>
          </params>
          <reporter-output>
          </reporter-output>
        </test-method> <!-- storeMultipleQuickLinksTitle -->
        <test-method status="PASS" signature="verifyMultipleQuickLinksTitle()[pri:0, instance:priority1.VerifyMultipleQuickLinksTitle@45ca843]" name="verifyMultipleQuickLinksTitle" duration-ms="1" started-at="2018-05-13T04:14:23Z" depends-on-methods="priority1.VerifyMultipleQuickLinksTitle.storeMultipleQuickLinksTitle" finished-at="2018-05-13T04:14:23Z">
          <reporter-output>
          </reporter-output>
        </test-method> <!-- verifyMultipleQuickLinksTitle -->
        <test-method status="PASS" signature="closeBrowser()[pri:0, instance:priority1.VerifyMultipleQuickLinksTitle@45ca843]" name="closeBrowser" is-config="true" duration-ms="933" started-at="2018-05-13T04:14:23Z" finished-at="2018-05-13T04:14:24Z">
          <reporter-output>
          </reporter-output>
        </test-method> <!-- closeBrowser -->
      </class> <!-- priority1.VerifyMultipleQuickLinksTitle -->
    </test> <!-- Regression Test -->
  </suite> <!-- BSE Suite -->
</testng-results>
