<?xml version="1.0" encoding="UTF-8"?>
<!-- Generated by org.testng.reporters.JUnitXMLReporter -->
<testsuite hostname="DESKTOP-4SC5RBR" ignored="0" name="Regression Test" tests="5" failures="1" timestamp="13 May 2018 21:43:05 GMT" time="22.921" errors="0">
  <testcase name="landingPageTitleVerification" time="0.069" classname="priority1.LandingPageTitleVerification">
    <failure type="java.lang.AssertionError" message="expected [true] but found [false]">
      <![CDATA[java.lang.AssertionError: expected [true] but found [false]
	at priority1.LandingPageTitleVerification.landingPageTitleVerification(LandingPageTitleVerification.java:31)
... Removed 29 stack frames]]>
    </failure>
  </testcase> <!-- landingPageTitleVerification -->
  <testcase name="storeMultipleQuickLinksTitle" time="5.433" classname="priority1.VerifyMultipleQuickLinksTitle"/>
  <testcase name="storeMultipleQuickLinksTitle" time="1.804" classname="priority1.VerifyMultipleQuickLinksTitle"/>
  <testcase name="storeMultipleQuickLinksTitle" time="1.742" classname="priority1.VerifyMultipleQuickLinksTitle"/>
  <testcase name="verifyMultipleQuickLinksTitle" time="0.001" classname="priority1.VerifyMultipleQuickLinksTitle"/>
</testsuite> <!-- Regression Test -->
