<?xml version="1.0" encoding="UTF-8"?>
<!-- Generated by org.testng.reporters.JUnitXMLReporter -->
<testsuite hostname="DESKTOP-4SC5RBR" ignored="0" name="Smoke Test" tests="5" failures="1" timestamp="23 Jun 2018 18:20:14 GMT" time="29.265" errors="0">
  <testcase name="landingPageTitleVerification" time="0.065" classname="priority1.LandingPageTitleVerification">
    <failure type="java.lang.AssertionError" message="expected [true] but found [false]">
      <![CDATA[java.lang.AssertionError: expected [true] but found [false]
	at priority1.LandingPageTitleVerification.landingPageTitleVerification(LandingPageTitleVerification.java:42)
... Removed 29 stack frames]]>
    </failure>
  </testcase> <!-- landingPageTitleVerification -->
  <testcase name="storeMultipleQuickLinksTitle" time="4.827" classname="priority1.VerifyMultipleQuickLinksTitle"/>
  <testcase name="storeMultipleQuickLinksTitle" time="2.245" classname="priority1.VerifyMultipleQuickLinksTitle"/>
  <testcase name="storeMultipleQuickLinksTitle" time="7.429" classname="priority1.VerifyMultipleQuickLinksTitle"/>
  <testcase name="verifyMultipleQuickLinksTitle" time="0.006" classname="priority1.VerifyMultipleQuickLinksTitle"/>
</testsuite> <!-- Smoke Test -->
