<?xml version="1.0" encoding="UTF-8"?>
<!-- Generated by org.testng.reporters.JUnitXMLReporter -->
<testsuite hostname="DESKTOP-4SC5RBR" ignored="0" name="Smoke Test" tests="5" failures="0" timestamp="23 Jun 2018 18:06:07 GMT" time="25.636" errors="0">
  <testcase name="landingPageTitleVerification" time="0.083" classname="priority1.LandingPageTitleVerification"/>
  <testcase name="storeMultipleQuickLinksTitle" time="5.986" classname="priority1.VerifyMultipleQuickLinksTitle"/>
  <testcase name="storeMultipleQuickLinksTitle" time="2.051" classname="priority1.VerifyMultipleQuickLinksTitle"/>
  <testcase name="storeMultipleQuickLinksTitle" time="1.761" classname="priority1.VerifyMultipleQuickLinksTitle"/>
  <testcase name="verifyMultipleQuickLinksTitle" time="0.002" classname="priority1.VerifyMultipleQuickLinksTitle"/>
</testsuite> <!-- Smoke Test -->
